Using pre-set license
Built from '2020.3/staging' branch; Version is '2020.3.26f1 (7298b473bc1a) revision 7510196'; Using compiler version '192528614'; Build Type 'Release'
OS: 'Windows 10  (10.0.19043) 64bit Professional' Language: 'de' Physical Memory: 16315 MB
BatchMode: 1, IsHumanControllingUs: 0, StartBugReporterOnCrash: 0, Is64bit: 1, IsPro: 0

COMMAND LINE ARGUMENTS:
C:\Program Files\Unity\Hub\Editor\2020.3.26f1\Editor\Unity.exe
-adb2
-batchMode
-noUpm
-name
AssetImportWorker0
-projectPath
C:/Users/user/Desktop/GitHubDesktopSEG/SEG_Flutter_Unity/Unity
-logFile
Logs/AssetImportWorker0.log
-srvPort
50566
Successfully changed project path to: C:/Users/user/Desktop/GitHubDesktopSEG/SEG_Flutter_Unity/Unity
C:/Users/user/Desktop/GitHubDesktopSEG/SEG_Flutter_Unity/Unity
Using Asset Import Pipeline V2.
Refreshing native plugins compatible for Editor in 113.06 ms, found 3 plugins.
Preloading 0 native plugins for Editor in 0.00 ms.
Initialize engine version: 2020.3.26f1 (7298b473bc1a)
[Subsystems] Discovering subsystems at path C:/Program Files/Unity/Hub/Editor/2020.3.26f1/Editor/Data/Resources/UnitySubsystems
[Subsystems] Discovering subsystems at path C:/Users/user/Desktop/GitHubDesktopSEG/SEG_Flutter_Unity/Unity/Assets
GfxDevice: creating device client; threaded=0
Direct3D:
    Version:  Direct3D 11.0 [level 11.0]
    Renderer: NVIDIA Quadro K2100M (ID=0x11fc)
    Vendor:   
    VRAM:     2018 MB
    Driver:   22.21.13.8573
Initialize mono
Mono path[0] = 'C:/Program Files/Unity/Hub/Editor/2020.3.26f1/Editor/Data/Managed'
Mono path[1] = 'C:/Program Files/Unity/Hub/Editor/2020.3.26f1/Editor/Data/MonoBleedingEdge/lib/mono/unityjit'
Mono config path = 'C:/Program Files/Unity/Hub/Editor/2020.3.26f1/Editor/Data/MonoBleedingEdge/etc'
Using monoOptions --debugger-agent=transport=dt_socket,embedding=1,server=y,suspend=n,address=127.0.0.1:56928
Begin MonoManager ReloadAssembly
Registering precompiled unity dll's ...
Register platform support module: C:/Program Files/Unity/Hub/Editor/2020.3.26f1/Editor/Data/PlaybackEngines/WebGLSupport/UnityEditor.WebGL.Extensions.dll
Register platform support module: C:/Program Files/Unity/Hub/Editor/2020.3.26f1/Editor/Data/PlaybackEngines/WindowsStandaloneSupport/UnityEditor.WindowsStandalone.Extensions.dll
Registered in 0.005765 seconds.
Native extension for WindowsStandalone target not found
Native extension for WebGL target not found
Refreshing native plugins compatible for Editor in 117.65 ms, found 3 plugins.
Preloading 0 native plugins for Editor in 0.00 ms.
Mono: successfully reloaded assembly
- Completed reload, in  1.064 seconds
Domain Reload Profiling:
	ReloadAssembly (1065ms)
		BeginReloadAssembly (157ms)
			ExecutionOrderSort (0ms)
			DisableScriptedObjects (0ms)
			BackupInstance (0ms)
			ReleaseScriptingObjects (0ms)
			CreateAndSetChildDomain (5ms)
		EndReloadAssembly (793ms)
			LoadAssemblies (138ms)
			RebuildTransferFunctionScriptingTraits (0ms)
			SetupTypeCache (262ms)
			ReleaseScriptCaches (0ms)
			RebuildScriptCaches (51ms)
			SetupLoadedEditorAssemblies (316ms)
				LogAssemblyErrors (0ms)
				InitializePlatformSupportModulesInManaged (8ms)
				SetLoadedEditorAssemblies (0ms)
				RefreshPlugins (118ms)
				BeforeProcessingInitializeOnLoad (26ms)
				ProcessInitializeOnLoadAttributes (120ms)
				ProcessInitializeOnLoadMethodAttributes (43ms)
				AfterProcessingInitializeOnLoad (0ms)
				EditorAssembliesLoaded (0ms)
			ExecutionOrderSort2 (0ms)
			AwakeInstancesAfterBackupRestoration (0ms)
Platform modules already initialized, skipping
Registering precompiled user dll's ...
Registered in 0.013079 seconds.
Begin MonoManager ReloadAssembly
Symbol file LoadedFromMemory doesn't match image C:\Users\user\Desktop\GitHubDesktopSEG\SEG_Flutter_Unity\Unity\Library\PackageCache\com.unity.visualscripting@1.7.8\Editor\VisualScripting.Core\Dependencies\YamlDotNet\Unity.VisualScripting.YamlDotNet.dll
Symbol file LoadedFromMemory doesn't match image C:\Users\user\Desktop\GitHubDesktopSEG\SEG_Flutter_Unity\Unity\Library\PackageCache\com.unity.visualscripting@1.7.8\Editor\VisualScripting.Core\Dependencies\DotNetZip\Unity.VisualScripting.IonicZip.dll
Native extension for WindowsStandalone target not found
Native extension for WebGL target not found
Refreshing native plugins compatible for Editor in 0.65 ms, found 3 plugins.
Preloading 0 native plugins for Editor in 0.00 ms.
Mono: successfully reloaded assembly
- Completed reload, in  1.885 seconds
Domain Reload Profiling:
	ReloadAssembly (1887ms)
		BeginReloadAssembly (255ms)
			ExecutionOrderSort (0ms)
			DisableScriptedObjects (7ms)
			BackupInstance (0ms)
			ReleaseScriptingObjects (0ms)
			CreateAndSetChildDomain (30ms)
		EndReloadAssembly (1505ms)
			LoadAssemblies (175ms)
			RebuildTransferFunctionScriptingTraits (0ms)
			SetupTypeCache (528ms)
			ReleaseScriptCaches (1ms)
			RebuildScriptCaches (93ms)
			SetupLoadedEditorAssemblies (562ms)
				LogAssemblyErrors (0ms)
				InitializePlatformSupportModulesInManaged (9ms)
				SetLoadedEditorAssemblies (1ms)
				RefreshPlugins (1ms)
				BeforeProcessingInitializeOnLoad (185ms)
				ProcessInitializeOnLoadAttributes (334ms)
				ProcessInitializeOnLoadMethodAttributes (14ms)
				AfterProcessingInitializeOnLoad (17ms)
				EditorAssembliesLoaded (1ms)
			ExecutionOrderSort2 (0ms)
			AwakeInstancesAfterBackupRestoration (11ms)
Platform modules already initialized, skipping
========================================================================
Worker process is ready to serve import requests
Launched and connected shader compiler UnityShaderCompiler.exe after 0.11 seconds
Refreshing native plugins compatible for Editor in 0.78 ms, found 3 plugins.
Preloading 0 native plugins for Editor in 0.00 ms.
Unloading 3123 Unused Serialized files (Serialized files now loaded: 0)
System memory in use before: 108.5 MB.
System memory in use after: 108.7 MB.

Unloading 21 unused Assets to reduce memory usage. Loaded Objects now: 3554.
Total: 6.072900 ms (FindLiveObjects: 0.660800 ms CreateObjectMapping: 0.460200 ms MarkObjects: 4.767400 ms  DeleteObjects: 0.182100 ms)

AssetImportParameters requested are different than current active one (requested -> active):
  custom:framework-win-MediaFoundation: 216162199b28c13a410421893ffa2e32 -> 
  custom:video-decoder-ogg-theora: a1e56fd34408186e4bbccfd4996cb3dc -> 
  custom:container-muxer-webm: aa71ff27fc2769a1b78a27578f13a17b -> 
  custom:container-demuxer-webm: 4f35f7cbe854078d1ac9338744f61a02 -> 
  custom:container-demuxer-ogg: 62fdf1f143b41e24485cea50d1cbac27 -> 
  custom:video-encoder-webm-vp8: eb34c28f22e8b96e1ab97ce403110664 -> 
  custom:video-codec-MediaFoundation-h265: 746d11721c4dcdbdad8f713fa42b33f4 -> 
  custom:video-decoder-webm-vp8: 9c59270c3fd7afecdb556c50c9e8de78 -> 
  custom:audio-decoder-ogg-vorbis: bf7c407c2cedff20999df2af8eb42d56 -> 
  custom:audio-encoder-webm-vorbis: bf7c407c2cedff20999df2af8eb42d56 -> 
========================================================================
Received Import Request.
  path: Assets/Marerials
  artifactKey: Guid(0c1558a44dcfa4325a809983058a2eda) Importer(815301076,1909f56bfc062723c751e8b465ee728b)
Start importing Assets/Marerials using Guid(0c1558a44dcfa4325a809983058a2eda) Importer(815301076,1909f56bfc062723c751e8b465ee728b)  -> (artifact id: '0ef691c90004a1090fb66edbfbfd0e78') in 0.017255 seconds 
  Import took 0.026077 seconds .

========================================================================
Received Import Request.
  Time since last request: 0.000362 seconds.
  path: Assets/Scripts
  artifactKey: Guid(527f6cba9cf2f4dd7b44d11d67e9ecd4) Importer(815301076,1909f56bfc062723c751e8b465ee728b)
Start importing Assets/Scripts using Guid(527f6cba9cf2f4dd7b44d11d67e9ecd4) Importer(815301076,1909f56bfc062723c751e8b465ee728b)  -> (artifact id: 'a339324b166e6f98dd109522afb4e57a') in 0.012181 seconds 
  Import took 0.022469 seconds .

========================================================================
Received Import Request.
  Time since last request: 0.031630 seconds.
  path: Assets/OSC-Unity5-master
  artifactKey: Guid(6bd21a68298fe874e92c3f8d8ba01d9c) Importer(815301076,1909f56bfc062723c751e8b465ee728b)
Start importing Assets/OSC-Unity5-master using Guid(6bd21a68298fe874e92c3f8d8ba01d9c) Importer(815301076,1909f56bfc062723c751e8b465ee728b)  -> (artifact id: '0af1985173470ebd0f0cbaa26dbf40bd') in 0.014232 seconds 
  Import took 0.024937 seconds .

========================================================================
Received Import Request.
  Time since last request: 2.957368 seconds.
  path: Assets/OSC-Unity5-master/Assets
  artifactKey: Guid(eac92b02760c907418d3b0be45bc5290) Importer(815301076,1909f56bfc062723c751e8b465ee728b)
Start importing Assets/OSC-Unity5-master/Assets using Guid(eac92b02760c907418d3b0be45bc5290) Importer(815301076,1909f56bfc062723c751e8b465ee728b)  -> (artifact id: '1e085ee83f4a4fd0f2735ac520f2ee26') in 0.015102 seconds 
  Import took 0.024538 seconds .

========================================================================
Received Import Request.
  Time since last request: 2.895313 seconds.
  path: Assets/OSC-Unity5-master/Assets/Scripts
  artifactKey: Guid(3322b5ce74b474b069519866bf581a56) Importer(815301076,1909f56bfc062723c751e8b465ee728b)
Start importing Assets/OSC-Unity5-master/Assets/Scripts using Guid(3322b5ce74b474b069519866bf581a56) Importer(815301076,1909f56bfc062723c751e8b465ee728b)  -> (artifact id: '1129dd5e8e8dc1f9eb2077b5b44d3daf') in 0.002917 seconds 
  Import took 0.010448 seconds .

AssetImportWorkerClient::OnTransportError - code=2 error=End of file
